<?xml version="1.0" encoding="UTF-8"?>
<!-- Generated by org.testng.reporters.JUnitXMLReporter -->
<testsuite hostname="SL-ENG77-52LJL" ignored="0" name="Client Admin - Update OBPhase" tests="1" failures="1" timestamp="30 Apr 2019 08:02:48 GMT" time="0.033" errors="0">
  <testcase name="@BeforeTest checkTestSkip" time="0.013" classname="office.sirion.suite.clientAdmin.UpdateOBPhase">
    <skipped/>
  </testcase> <!-- @BeforeTest checkTestSkip -->
  <testcase name="@AfterTest reportTestResult" time="0.0" classname="office.sirion.suite.clientAdmin.UpdateOBPhase">
    <skipped/>
  </testcase> <!-- @AfterTest reportTestResult -->
  <testcase name="@BeforeTest checkTestSkip" time="0.1" classname="office.sirion.suite.clientAdmin.UpdateOBCategory">
    <skipped/>
  </testcase> <!-- @BeforeTest checkTestSkip -->
  <testcase name="@AfterTest reportTestResult" time="0.0" classname="office.sirion.suite.clientAdmin.UpdateOBCategory">
    <skipped/>
  </testcase> <!-- @AfterTest reportTestResult -->
  <testcase name="UpdateOBPhaseTest" time="0.001" classname="office.sirion.suite.clientAdmin.UpdateOBPhase">
    <failure type="org.testng.internal.reflect.MethodMatcherException" message="
Data provider mismatch
Method: UpdateOBPhaseTest([Parameter{index=0, type=java.lang.String, declaredAnnotations=[]}, Parameter{index=1, type=java.lang.String, declaredAnnotations=[]}, Parameter{index=2, type=java.lang.String, declaredAnnotations=[]}])
Arguments: []">
      <![CDATA[org.testng.internal.reflect.MethodMatcherException: 
Data provider mismatch
Method: UpdateOBPhaseTest([Parameter{index=0, type=java.lang.String, declaredAnnotations=[]}, Parameter{index=1, type=java.lang.String, declaredAnnotations=[]}, Parameter{index=2, type=java.lang.String, declaredAnnotations=[]}])
Arguments: []
at java.util.concurrent.FutureTask.run(Unknown Source)
at java.util.concurrent.ThreadPoolExecutor.runWorker(Unknown Source)
at java.util.concurrent.ThreadPoolExecutor$Worker.run(Unknown Source)
at java.lang.Thread.run(Unknown Source)
... Removed 11 stack frames]]>
    </failure>
  </testcase> <!-- UpdateOBPhaseTest -->
</testsuite> <!-- Client Admin - Update OBPhase -->
