<?xml version="1.0" encoding="UTF-8"?>
<!-- Generated by org.testng.reporters.JUnitXMLReporter -->
<testsuite hostname="SL-ENG77-52LJL" ignored="0" name="Action - AuditLogTab" tests="2" failures="2" timestamp="06 Mar 2019 10:56:35 GMT" time="3.141" errors="0">
  <testcase name="ActionAuditLogTest" time="1.072" classname="office.sirion.suite.action.ActionAuditLog">
    <failure type="java.lang.NullPointerException">
      <![CDATA[java.lang.NullPointerException
at office.sirion.suite.action.ActionAuditLog.ActionAuditLogTest(ActionAuditLog.java:81)
... Removed 25 stack frames]]>
    </failure>
  </testcase> <!-- ActionAuditLogTest -->
  <testcase name="ActionAuditLogTest" time="0.288" classname="office.sirion.suite.action.ActionAuditLog">
    <failure type="org.openqa.selenium.WebDriverException" message="unknown error: Element &amp;lt;li id=&amp;quot;rt-actions&amp;quot; ng-repeat=&amp;quot;entity in entities&amp;quot; ng-show=&amp;quot;listAll || !(entity.listId == 3 || entity.listId == 251) || !(!vendorId || entity.listId==251)&amp;quot; class=&amp;quot;ng-scope&amp;quot;&amp;gt;...&amp;lt;/li&amp;gt; is not clickable at point (1263, 510). Other element would receive the click: &amp;lt;div class=&amp;quot;ui-widget-overlay ui-front&amp;quot; id=&amp;quot;overlay&amp;quot; style=&amp;quot;z-index:999&amp;quot;&amp;gt;&amp;lt;/div&amp;gt;
  (Session info: chrome=72.0.3626.119)
  (Driver info: chromedriver=71.0.3578.80 (2ac50e7249fbd55e6f517a28131605c9fb9fe897),platform=Windows NT 10.0.17134 x86_64) (WARNING: The server did not provide any stacktrace information)
Command duration or timeout: 0 milliseconds
Build info: version: &amp;apos;3.14.0&amp;apos;, revision: &amp;apos;aacccce0&amp;apos;, time: &amp;apos;2018-08-02T20:19:58.91Z&amp;apos;
System info: host: &amp;apos;SL-ENG77-52LJL&amp;apos;, ip: &amp;apos;192.168.8.98&amp;apos;, os.name: &amp;apos;Windows 10&amp;apos;, os.arch: &amp;apos;amd64&amp;apos;, os.version: &amp;apos;10.0&amp;apos;, java.version: &amp;apos;1.8.0_171&amp;apos;
Driver info: org.openqa.selenium.chrome.ChromeDriver
Capabilities {acceptInsecureCerts: false, acceptSslCerts: false, applicationCacheEnabled: false, browserConnectionEnabled: false, browserName: chrome, chrome: {chromedriverVersion: 71.0.3578.80 (2ac50e7249fbd..., userDataDir: C:\Users\NAVEEN~1.GUP\AppDa...}, cssSelectorsEnabled: true, databaseEnabled: false, goog:chromeOptions: {debuggerAddress: localhost:61092}, handlesAlerts: true, hasTouchScreen: false, javascriptEnabled: true, locationContextEnabled: true, mobileEmulationEnabled: false, nativeEvents: true, networkConnectionEnabled: false, pageLoadStrategy: normal, platform: XP, platformName: XP, rotatable: false, setWindowRect: true, takesHeapSnapshot: true, takesScreenshot: true, unexpectedAlertBehaviour: , unhandledPromptBehavior: , version: 72.0.3626.119, webStorageEnabled: true}
Session ID: cf53e8b494f326246b4dc7d33b10d811">
      <![CDATA[org.openqa.selenium.WebDriverException: unknown error: Element <li id="rt-actions" ng-repeat="entity in entities" ng-show="listAll || !(entity.listId == 3 || entity.listId == 251) || !(!vendorId || entity.listId==251)" class="ng-scope">...</li> is not clickable at point (1263, 510). Other element would receive the click: <div class="ui-widget-overlay ui-front" id="overlay" style="z-index:999"></div>
  (Session info: chrome=72.0.3626.119)
  (Driver info: chromedriver=71.0.3578.80 (2ac50e7249fbd55e6f517a28131605c9fb9fe897),platform=Windows NT 10.0.17134 x86_64) (WARNING: The server did not provide any stacktrace information)
Command duration or timeout: 0 milliseconds
Build info: version: '3.14.0', revision: 'aacccce0', time: '2018-08-02T20:19:58.91Z'
System info: host: 'SL-ENG77-52LJL', ip: '192.168.8.98', os.name: 'Windows 10', os.arch: 'amd64', os.version: '10.0', java.version: '1.8.0_171'
Driver info: org.openqa.selenium.chrome.ChromeDriver
Capabilities {acceptInsecureCerts: false, acceptSslCerts: false, applicationCacheEnabled: false, browserConnectionEnabled: false, browserName: chrome, chrome: {chromedriverVersion: 71.0.3578.80 (2ac50e7249fbd..., userDataDir: C:\Users\NAVEEN~1.GUP\AppDa...}, cssSelectorsEnabled: true, databaseEnabled: false, goog:chromeOptions: {debuggerAddress: localhost:61092}, handlesAlerts: true, hasTouchScreen: false, javascriptEnabled: true, locationContextEnabled: true, mobileEmulationEnabled: false, nativeEvents: true, networkConnectionEnabled: false, pageLoadStrategy: normal, platform: XP, platformName: XP, rotatable: false, setWindowRect: true, takesHeapSnapshot: true, takesScreenshot: true, unexpectedAlertBehaviour: , unhandledPromptBehavior: , version: 72.0.3626.119, webStorageEnabled: true}
Session ID: cf53e8b494f326246b4dc7d33b10d811
at org.openqa.selenium.remote.ErrorHandler.createThrowable(ErrorHandler.java:214)
at org.openqa.selenium.remote.ErrorHandler.throwIfResponseFailed(ErrorHandler.java:166)
at org.openqa.selenium.remote.http.JsonHttpResponseCodec.reconstructValue(JsonHttpResponseCodec.java:40)
at org.openqa.selenium.remote.http.AbstractHttpResponseCodec.decode(AbstractHttpResponseCodec.java:80)
at org.openqa.selenium.remote.http.AbstractHttpResponseCodec.decode(AbstractHttpResponseCodec.java:44)
at org.openqa.selenium.remote.HttpCommandExecutor.execute(HttpCommandExecutor.java:158)
at org.openqa.selenium.remote.service.DriverCommandExecutor.execute(DriverCommandExecutor.java:83)
at org.openqa.selenium.remote.RemoteWebDriver.execute(RemoteWebDriver.java:548)
at org.openqa.selenium.remote.RemoteWebElement.execute(RemoteWebElement.java:276)
at org.openqa.selenium.remote.RemoteWebElement.click(RemoteWebElement.java:83)
at office.sirion.suite.action.ActionAuditLog.ActionAuditLogTest(ActionAuditLog.java:67)
... Removed 29 stack frames]]>
    </failure>
  </testcase> <!-- ActionAuditLogTest -->
</testsuite> <!-- Action - AuditLogTab -->
